#-----------------------------------------------------------
# Vivado v2018.3 (64-bit)
# SW Build 2405991 on Thu Dec  6 23:38:27 MST 2018
# IP Build 2404404 on Fri Dec  7 01:43:56 MST 2018
# Start of session at: Sun Nov 24 17:28:33 2019
# Process ID: 21492
# Current directory: C:/Users/biubiubiu/Desktop/test
# Command line: vivado.exe -gui_launcher_event rodinguilauncherevent25084 C:\Users\biubiubiu\Desktop\test\test.xpr
# Log file: C:/Users/biubiubiu/Desktop/test/vivado.log
# Journal file: C:/Users/biubiubiu/Desktop/test\vivado.jou
#-----------------------------------------------------------
start_guioopen_project C:/Users/biubiubiu/Desktop/test/test.xprSScanning sources...FFinished scanning sourcesIINFO: [IP_Flow 19-234] Refreshing IP repositories
INFO: [IP_Flow 19-1704] No user IP repositories specifiedINFO: [IP_Flow 19-2313] Loaded Vivado IP repository 'D:/elsesoftware/Xilinx_18/Vivado/2018.3/data/ip'.
oopen_project: Time (s): cpu = 00:00:31 ; elapsed = 00:00:38 . Memory (MB): peak = 753.301 ; gain = 173.578uupdate_compile_order -fileset sources_1exit
INFO: [Common 17-206] Exiting Vivado at Sun Nov 24 17:31:33 2019...

v w ]
add_files C:/Users/biubiubiu/Desktop/test/test.srcs/sources_1/new/FFT.v
update_compile_order -fileset sources_1
exit
INFO: [Common 17-206] Exiting Vivado at Sun Nov 24 17:51:42 2019...
